This is XeTeX, Version 3.14159265-2.6-0.99991 (TeX Live 2014/W32TeX) (preloaded format=xelatex 2014.9.24)  8 DEC 2014 12:43
entering extended mode
 restricted \write18 enabled.
 %&-line parsing enabled.
**script.tex
(./script.tex
LaTeX2e <2014/05/01>
Babel <3.9k> and hyphenation patterns for 2 languages loaded.
(d:/Program Files/texlive/2014/texmf-dist/tex/latex/base/article.cls
Document Class: article 2007/10/19 v1.4h Standard LaTeX document class
(d:/Program Files/texlive/2014/texmf-dist/tex/latex/base/size10.clo
File: size10.clo 2007/10/19 v1.4h Standard LaTeX file (size option)
)
\c@part=\count80
\c@section=\count81
\c@subsection=\count82
\c@subsubsection=\count83
\c@paragraph=\count84
\c@subparagraph=\count85
\c@figure=\count86
\c@table=\count87
\abovecaptionskip=\skip41
\belowcaptionskip=\skip42
\bibindent=\dimen102
)
(./script.aux)
\openout1 = `script.aux'.

LaTeX Font Info:    Checking defaults for OML/cmm/m/it on input line 5.
LaTeX Font Info:    ... okay on input line 5.
LaTeX Font Info:    Checking defaults for T1/cmr/m/n on input line 5.
LaTeX Font Info:    ... okay on input line 5.
LaTeX Font Info:    Checking defaults for OT1/cmr/m/n on input line 5.
LaTeX Font Info:    ... okay on input line 5.
LaTeX Font Info:    Checking defaults for OMS/cmsy/m/n on input line 5.
LaTeX Font Info:    ... okay on input line 5.
LaTeX Font Info:    Checking defaults for OMX/cmex/m/n on input line 5.
LaTeX Font Info:    ... okay on input line 5.
LaTeX Font Info:    Checking defaults for U/cmr/m/n on input line 5.
LaTeX Font Info:    ... okay on input line 5.
LaTeX Font Info:    External font `cmex10' loaded for size
(Font)              <12> on input line 6.
LaTeX Font Info:    External font `cmex10' loaded for size
(Font)              <8> on input line 6.
LaTeX Font Info:    External font `cmex10' loaded for size
(Font)              <6> on input line 6.
 [1

] (./script.toc)
\tf@toc=\write3
\openout3 = `script.toc'.

 [2

] [3] [4] [5]
Overfull \hbox (17.72188pt too wide) in paragraph at lines 91--92
[]| \OT1/cmr/m/n/10 [EN] blogs.magicjudges.org/articles/2013/09/03/l3-qualities
-mentorship/ 
 []


Overfull \hbox (7.72182pt too wide) in paragraph at lines 94--95
[]| \OT1/cmr/m/n/10 [EN] blogs.magicjudges.org/articles/2014/09/23/the-feedback
-process/ 
 []


Overfull \hbox (23.47182pt too wide) in paragraph at lines 95--96
[]| \OT1/cmr/m/n/10 [FR] blogs.magicjudges.org/articles/2014/09/23/le-processus
-de-feedback/ 
 []


Overfull \hbox (13.4996pt too wide) in paragraph at lines 96--97
[]| \OT1/cmr/m/n/10 [ES] blogs.magicjudges.org/articles/2014/09/23/el-proceso-d
e-feedback/ 
 []


Overfull \hbox (8.55515pt too wide) in paragraph at lines 97--98
[]| \OT1/cmr/m/n/10 [PT] blogs.magicjudges.org/articles/2014/09/23/processo-de-
feedback/ 
 []

[6] (./script.aux) ) 
Here is how much of TeX's memory you used:
 232 strings out of 495656
 2431 string characters out of 6187192
 52237 words of memory out of 5000000
 3501 multiletter control sequences out of 15000+600000
 7934 words of font info for 28 fonts, out of 8000000 for 9000
 14 hyphenation exceptions out of 8191
 23i,6n,19p,1380b,187s stack positions out of 5000i,500n,10000p,200000b,80000s

Output written on script.pdf (6 pages).
